生成启动时间为 2017/6/11 22:09:43。
     1>项目“D:\tools\WTL9\Samples\WTLExplorer\WTLExplorer80.vcxproj”在节点 2 上(build 个目标)。
     1>InitializeBuildStatus:
         正在对“.\Debug\WTLExplorer.unsuccessfulbuild”执行 Touch 任务。
       ClCompile:
         D:\Tools\Microsoft Visual Studio 10.0\VC\bin\CL.exe /c /ZI /nologo /W4 /WX- /Od /Oy- /D _EMBEDDED_MANIFEST /D _VC80_UPGRADE=0x0600 /D _MBCS /Gm /EHsc /RTC1 /MTd /GS /fp:precise /Zc:wchar_t /Zc:forScope /Yc"stdafx.h" /Fp".\Debug/WTLExplorer.pch" /Fo".\Debug/" /Fd".\Debug/vc100.pdb" /Gd /TP /analyze- /errorReport:prompt stdafx.cpp
         stdafx.cpp
         D:\Tools\Microsoft Visual Studio 10.0\VC\bin\CL.exe /c /ZI /nologo /W4 /WX- /Od /Oy- /D _EMBEDDED_MANIFEST /D _VC80_UPGRADE=0x0600 /D _MBCS /Gm /EHsc /RTC1 /MTd /GS /fp:precise /Zc:wchar_t /Zc:forScope /Yu"stdafx.h" /Fp".\Debug/WTLExplorer.pch" /Fo".\Debug/" /Fd".\Debug/vc100.pdb" /Gd /TP /analyze- /errorReport:prompt MainFrm.Cpp ShellMgr.Cpp WTLExplorer.cpp
         WTLExplorer.cpp
         ShellMgr.Cpp
         MainFrm.Cpp
         正在生成代码...
       ResourceCompile:
         C:\Program Files (x86)\Microsoft SDKs\Windows\v7.0A\bin\rc.exe /D _EMBEDDED_MANIFEST /D _VC80_UPGRADE=0x0600 /l"0x0409" /nologo /fo".\Debug\WTLExplorer.res" WTLExplorer.rc 
       ManifestResourceCompile:
         C:\Program Files (x86)\Microsoft SDKs\Windows\v7.0A\bin\rc.exe /nologo /fo".\Debug\WTLExplorer.exe.embed.manifest.res" .\Debug\WTLExplorer_manifest.rc 
       Link:
         D:\Tools\Microsoft Visual Studio 10.0\VC\bin\link.exe /ERRORREPORT:PROMPT /OUT:".\Debug/WTLExplorer.exe" /INCREMENTAL /NOLOGO odbc32.lib odbccp32.lib comctl32.lib shlwapi.lib kernel32.lib user32.lib gdi32.lib winspool.lib comdlg32.lib advapi32.lib shell32.lib ole32.lib oleaut32.lib uuid.lib odbc32.lib odbccp32.lib /MANIFEST /ManifestFile:".\Debug\WTLExplorer.exe.intermediate.manifest" /MANIFESTUAC:"level='asInvoker' uiAccess='false'" /DEBUG /PDB:".\Debug/WTLExplorer.pdb" /SUBSYSTEM:WINDOWS /TLBID:1 /DYNAMICBASE /NXCOMPAT /IMPLIB:".\Debug\WTLExplorer.lib" /MACHINE:X86 .\Debug\WTLExplorer.res
         .\Debug\WTLExplorer.exe.embed.manifest.res
         .\Debug/MainFrm.obj
         .\Debug/ShellMgr.obj
         .\Debug/stdafx.obj
         .\Debug/WTLExplorer.obj
       Manifest:
         C:\Program Files (x86)\Microsoft SDKs\Windows\v7.0A\bin\mt.exe /nologo /verbose /out:".\Debug\WTLExplorer.exe.embed.manifest" /manifest .\Debug\WTLExplorer.exe.intermediate.manifest
         C:\Program Files (x86)\Microsoft SDKs\Windows\v7.0A\bin\rc.exe /nologo /fo".\Debug\WTLExplorer.exe.embed.manifest.res" .\Debug\WTLExplorer_manifest.rc 
       LinkEmbedManifest:
         D:\Tools\Microsoft Visual Studio 10.0\VC\bin\link.exe /ERRORREPORT:PROMPT /OUT:".\Debug/WTLExplorer.exe" /INCREMENTAL /NOLOGO odbc32.lib odbccp32.lib comctl32.lib shlwapi.lib kernel32.lib user32.lib gdi32.lib winspool.lib comdlg32.lib advapi32.lib shell32.lib ole32.lib oleaut32.lib uuid.lib odbc32.lib odbccp32.lib /MANIFEST /ManifestFile:".\Debug\WTLExplorer.exe.intermediate.manifest" /MANIFESTUAC:"level='asInvoker' uiAccess='false'" /DEBUG /PDB:".\Debug/WTLExplorer.pdb" /SUBSYSTEM:WINDOWS /TLBID:1 /DYNAMICBASE /NXCOMPAT /IMPLIB:".\Debug\WTLExplorer.lib" /MACHINE:X86 .\Debug\WTLExplorer.res
         .\Debug\WTLExplorer.exe.embed.manifest.res
         .\Debug/MainFrm.obj
         .\Debug/ShellMgr.obj
         .\Debug/stdafx.obj
         .\Debug/WTLExplorer.obj
         WTLExplorer80.vcxproj -> D:\tools\WTL9\Samples\WTLExplorer\.\Debug\WTLExplorer.exe
       FinalizeBuildStatus:
         正在删除文件“.\Debug\WTLExplorer.unsuccessfulbuild”。
         正在对“.\Debug\WTLExplorer.lastbuildstate”执行 Touch 任务。
     1>已完成生成项目“D:\tools\WTL9\Samples\WTLExplorer\WTLExplorer80.vcxproj”(build 个目标)的操作。

生成成功。

已用时间 00:00:07.80
